<?xml version="1.0" encoding="UTF-8"?>
<!-- Generated by org.testng.reporters.JUnitXMLReporter -->
<testsuite hostname="Admin-PC" ignored="1" name="Free CRM App Chrome Test Cases" tests="7" failures="0" timestamp="06 Aug 2019 18:19:10 GMT" time="119.357" errors="0">
  <testcase name="loginPageTitleTest" time="0.049" classname="com.crm.qa.TestCases.LoginPageTest"/>
  <testcase name="verifyHomePageTitleTest" time="0.009" classname="com.crm.qa.TestCases.HomePageTest"/>
  <testcase name="crmLogoImageTest" time="0.088" classname="com.crm.qa.TestCases.LoginPageTest"/>
  <testcase name="verifyUserNameTest" time="0.102" classname="com.crm.qa.TestCases.HomePageTest"/>
  <testcase name="loginTest" time="4.861" classname="com.crm.qa.TestCases.LoginPageTest"/>
  <testcase name="verifyContactsLinkTest" time="1.645" classname="com.crm.qa.TestCases.HomePageTest"/>
  <testcase name="verifyDealsPageLinkTest" time="1.953" classname="com.crm.qa.TestCases.HomePageTest"/>
  <testcase name="@BeforeTest Tester" time="0.0" classname="com.crm.qa.BaseClass.TestBase">
    <ignored/>
  </testcase> <!-- @BeforeTest Tester -->
</testsuite> <!-- Free CRM App Chrome Test Cases -->
