<?xml version="1.0" encoding="UTF-8"?>
<!-- Generated by org.testng.reporters.JUnitXMLReporter -->
<testsuite hostname="Admin-PC" name="Free CRM Application Chrome Test Cases" tests="13" failures="0" timestamp="22 Mar 2020 11:19:22 GMT" time="287.274" errors="0">
  <testcase name="loginPageTitleTest" time="0.023" classname="com.crm.qa.TestCases.LoginPageTest"/>
  <testcase name="crmLogoImageTest" time="0.077" classname="com.crm.qa.TestCases.LoginPageTest"/>
  <testcase name="loginTest" time="12.612" classname="com.crm.qa.TestCases.LoginPageTest"/>
  <testcase name="verifyHomePageTitleTest" time="0.033" classname="com.crm.qa.TestCases.HomePageTest"/>
  <testcase name="verifyUserNameTest" time="0.12" classname="com.crm.qa.TestCases.HomePageTest"/>
  <testcase name="verifyContactsLinkTest" time="1.701" classname="com.crm.qa.TestCases.HomePageTest"/>
  <testcase name="verifyDealsPageLinkTest" time="1.635" classname="com.crm.qa.TestCases.HomePageTest"/>
  <testcase name="verifyContactsPageLabelTest" time="1.642" classname="com.crm.qa.TestCases.ContactsPageTest"/>
  <testcase name="selectSingleContactsTest" time="1.839" classname="com.crm.qa.TestCases.ContactsPageTest"/>
  <testcase name="selectMultipleContactsTest" time="1.954" classname="com.crm.qa.TestCases.ContactsPageTest"/>
  <testcase name="validateCreateNewContactTest" time="4.701" classname="com.crm.qa.TestCases.ContactsPageTest"/>
  <testcase name="validateCreateNewContactTest" time="4.761" classname="com.crm.qa.TestCases.ContactsPageTest"/>
  <testcase name="validateCreateNewContactTest" time="5.381" classname="com.crm.qa.TestCases.ContactsPageTest"/>
</testsuite> <!-- Free CRM Application Chrome Test Cases -->
