<?xml version="1.0" encoding="UTF-8"?>
<!-- Generated by org.testng.reporters.JUnitXMLReporter -->
<testsuite hostname="PAVAN-PC" ignored="0" name="Test" tests="3" failures="0" timestamp="25 Dec 2018 08:03:04 GMT" time="75.749" errors="0">
  <testcase name="loginPageTitleTest" time="0.028" classname="com.crm.qa.TestCases.LoginPageTest"/>
  <testcase name="crmLogoImageTest" time="0.298" classname="com.crm.qa.TestCases.LoginPageTest"/>
  <testcase name="loginTest" time="11.47" classname="com.crm.qa.TestCases.LoginPageTest"/>
</testsuite> <!-- Test -->
